[2026-06-01 17:49:01] [generate-ics]: Parsed 3 cron jobs from 1 device files
[2026-06-01 17:49:01] [generate-ics]: Generated 21900 occurrences for cron job 'task.sh && run.py ; last.py' with schedule 'Every minute, between 01:00 and 01:59'
[2026-06-01 17:49:01] [generate-ics]: Cron job 'task.sh && run.py ; last.py' runs multiple times a day, marking it as an all day event
[2026-06-01 17:49:01] [generate-ics]: Generated 365 occurrences for cron job 'backup.sh' with schedule 'At 00:00'
[2026-06-01 17:49:01] [generate-ics]: Cron job 'backup.sh' runs once a day, marking it as a single event
[2026-06-01 17:49:06] [generate-ics]: Generated 525600 occurrences for cron job 'python cron-watcher.py' with schedule 'Every minute'
[2026-06-01 17:49:06] [generate-ics]: Cron job 'python cron-watcher.py' runs multiple times a day, marking it as an all day event
[2026-06-01 17:49:06] [generate-ics]: Generated calendar with 1096 events from 3 cron jobs for 365 days
[2026-06-01 17:49:06] [generate-ics]: Calendar saved to /home/linux/git/github/cronical/public/calendar.ics
[2026-06-01 17:51:00] [generate-ics]: Parsed 4 cron jobs from 1 device files
[2026-06-01 17:51:01] [generate-ics]: Generated 21900 occurrences for cron job 'task.sh && run.py ; last.py' with schedule 'Every minute, between 01:00 and 01:59'
[2026-06-01 17:51:01] [generate-ics]: Cron job 'task.sh && run.py ; last.py' runs multiple times a day, marking it as an all day event
[2026-06-01 17:51:01] [generate-ics]: Generated 365 occurrences for cron job 'backup.sh' with schedule 'At 00:00'
[2026-06-01 17:51:01] [generate-ics]: Cron job 'backup.sh' runs once a day, marking it as a single event
[2026-06-01 17:51:01] [generate-ics]: Generated 52 occurrences for cron job 'weekly-report.sh' with schedule 'At 00:00, only on Sunday'
[2026-06-01 17:51:01] [generate-ics]: Cron job 'weekly-report.sh' runs once a day, marking it as a single event
[2026-06-01 17:51:06] [generate-ics]: Generated 525600 occurrences for cron job 'python cron-watcher.py' with schedule 'Every minute'
[2026-06-01 17:51:06] [generate-ics]: Cron job 'python cron-watcher.py' runs multiple times a day, marking it as an all day event
[2026-06-01 17:51:06] [generate-ics]: Generated calendar with 1148 events from 4 cron jobs for 365 days
[2026-06-01 17:51:06] [generate-ics]: Calendar saved to /home/linux/git/github/cronical/public/calendar.ics
